<?xml version="1.0" encoding="UTF-8"?>
<!-- Generated by org.testng.reporters.JUnitXMLReporter -->
<testsuite hostname="DESKTOP-H21MM63" name="Test" tests="6" failures="0" timestamp="3 Nov 2020 14:50:32 GMT" time="53.891" errors="0">
  <testcase name="TC1" time="0.068" classname="com.test.SeleniumJava_Oct1.TestNGDemo2"/>
  <testcase name="TC2" time="0.01" classname="com.test.SeleniumJava_Oct1.TestNGDemo2"/>
  <testcase name="vegitable" time="0.003" classname="com.test.SeleniumJava_Oct1.TestNGDemo2"/>
  <testcase name="Animal" time="0.005" classname="com.test.SeleniumJava_Oct1.TestNGDemo2"/>
  <testcase name="TC1" time="12.197" classname="com.test.SeleniumJava_Oct1.TestNGDemo1"/>
  <testcase name="TC2" time="40.031" classname="com.test.SeleniumJava_Oct1.TestNGDemo1"/>
</testsuite> <!-- Test -->
