<?xml version="1.0" encoding="UTF-8"?>
<testng-results skipped="0" failed="0" total="4" passed="4">
  <reporter-output>
  </reporter-output>
  <suite name="Default suite" duration-ms="87" started-at="2020-11-03T14:01:01Z" finished-at="2020-11-03T14:01:01Z">
    <groups>
    </groups>
    <test name="Default test" duration-ms="87" started-at="2020-11-03T14:01:01Z" finished-at="2020-11-03T14:01:01Z">
      <class name="TestNGPackage.TestNGDemoPriority">
        <test-method status="PASS" signature="Login()[pri:0, instance:TestNGPackage.TestNGDemoPriority@458ad742]" name="Login" duration-ms="36" started-at="2020-11-03T19:31:01Z" finished-at="2020-11-03T19:31:01Z">
          <reporter-output>
          </reporter-output>
        </test-method> <!-- Login -->
        <test-method status="PASS" signature="Compose()[pri:1, instance:TestNGPackage.TestNGDemoPriority@458ad742]" name="Compose" duration-ms="2" started-at="2020-11-03T19:31:01Z" finished-at="2020-11-03T19:31:01Z">
          <reporter-output>
          </reporter-output>
        </test-method> <!-- Compose -->
        <test-method status="PASS" signature="send()[pri:3, instance:TestNGPackage.TestNGDemoPriority@458ad742]" name="send" duration-ms="1" started-at="2020-11-03T19:31:01Z" finished-at="2020-11-03T19:31:01Z">
          <reporter-output>
          </reporter-output>
        </test-method> <!-- send -->
        <test-method status="PASS" signature="Logout()[pri:4, instance:TestNGPackage.TestNGDemoPriority@458ad742]" name="Logout" duration-ms="2" started-at="2020-11-03T19:31:01Z" finished-at="2020-11-03T19:31:01Z">
          <reporter-output>
          </reporter-output>
        </test-method> <!-- Logout -->
      </class> <!-- TestNGPackage.TestNGDemoPriority -->
    </test> <!-- Default test -->
  </suite> <!-- Default suite -->
</testng-results>
