<?xml version="1.0" encoding="UTF-8"?>
<testng-results skipped="0" failed="0" total="1" passed="1">
  <reporter-output>
  </reporter-output>
  <suite name="Default suite" duration-ms="13491" started-at="2020-11-05T15:19:55Z" finished-at="2020-11-05T15:20:08Z">
    <groups>
    </groups>
    <test name="Default test" duration-ms="13491" started-at="2020-11-05T15:19:55Z" finished-at="2020-11-05T15:20:08Z">
      <class name="com.test.SeleniumJava_Oct1.SpiceJetEx">
        <test-method status="PASS" signature="invokeBrowser()[pri:0, instance:com.test.SeleniumJava_Oct1.SpiceJetEx@5b275dab]" name="invokeBrowser" is-config="true" duration-ms="4693" started-at="2020-11-05T20:49:55Z" finished-at="2020-11-05T20:49:59Z">
          <reporter-output>
          </reporter-output>
        </test-method> <!-- invokeBrowser -->
        <test-method status="PASS" signature="spicejet()[pri:0, instance:com.test.SeleniumJava_Oct1.SpiceJetEx@5b275dab]" name="spicejet" duration-ms="8762" started-at="2020-11-05T20:49:59Z" finished-at="2020-11-05T20:50:08Z">
          <reporter-output>
          </reporter-output>
        </test-method> <!-- spicejet -->
      </class> <!-- com.test.SeleniumJava_Oct1.SpiceJetEx -->
    </test> <!-- Default test -->
  </suite> <!-- Default suite -->
</testng-results>
