<?xml version="1.0" encoding="UTF-8"?>
<!-- Generated by org.testng.reporters.JUnitXMLReporter -->
<testsuite hostname="DESKTOP-H21MM63" name="Default test" tests="4" failures="0" timestamp="3 Nov 2020 14:01:01 GMT" time="0.087" errors="0">
  <testcase name="Login" time="0.036" classname="TestNGPackage.TestNGDemoPriority"/>
  <testcase name="Compose" time="0.002" classname="TestNGPackage.TestNGDemoPriority"/>
  <testcase name="send" time="0.001" classname="TestNGPackage.TestNGDemoPriority"/>
  <testcase name="Logout" time="0.002" classname="TestNGPackage.TestNGDemoPriority"/>
</testsuite> <!-- Default test -->
